2023-02-21 11:25:08 [restartedMain] INFO  c.e.s.b.l.d.SpringBootLoggingApplication -
                Starting SpringBootLoggingApplication using Java 19.0.1 with PID 61185 (/home/manokarana/Desktop/SpringBootProject/demo/target/classes started by manokarana in /home/manokarana/Desktop/SpringBootProject/demo)
2023-02-21 11:25:08 [restartedMain] DEBUG c.e.s.b.l.d.SpringBootLoggingApplication -
                Running with Spring Boot v3.0.2, Spring v6.0.4
2023-02-21 11:25:08 [restartedMain] INFO  c.e.s.b.l.d.SpringBootLoggingApplication -
                No active profile set, falling back to 1 default profile: "default"
2023-02-21 11:25:10 [restartedMain] INFO  c.e.s.b.l.d.SpringBootLoggingApplication -
                Started SpringBootLoggingApplication in 2.396 seconds (process running for 3.241)
2023-02-21 11:25:34 [http-nio-8080-exec-1] DEBUG c.e.s.b.l.d.SpringBootLoggingApplication -
                Request pathik
2023-02-21 11:25:34 [http-nio-8080-exec-1] DEBUG c.e.s.b.l.d.SpringBootLoggingApplication -
                RequestHi pathik Welcome to our page
2023-02-21 11:26:02 [http-nio-8080-exec-2] DEBUG c.e.s.b.l.d.SpringBootLoggingApplication -
                Request test
2023-02-21 11:27:57 [http-nio-8080-exec-4] DEBUG c.e.s.b.l.d.SpringBootLoggingApplication -
                Request test
2023-02-21 11:27:58 [http-nio-8080-exec-5] DEBUG c.e.s.b.l.d.SpringBootLoggingApplication -
                Request test
2023-02-21 11:27:59 [http-nio-8080-exec-6] DEBUG c.e.s.b.l.d.SpringBootLoggingApplication -
                Request test
2023-02-21 11:28:00 [http-nio-8080-exec-7] DEBUG c.e.s.b.l.d.SpringBootLoggingApplication -
                Request test
2023-02-21 11:28:00 [http-nio-8080-exec-8] DEBUG c.e.s.b.l.d.SpringBootLoggingApplication -
                Request test
2023-02-21 11:28:00 [http-nio-8080-exec-10] DEBUG c.e.s.b.l.d.SpringBootLoggingApplication -
                Request test
2023-02-21 11:28:00 [http-nio-8080-exec-9] DEBUG c.e.s.b.l.d.SpringBootLoggingApplication -
                Request test
2023-02-21 11:28:00 [http-nio-8080-exec-1] DEBUG c.e.s.b.l.d.SpringBootLoggingApplication -
                Request test
2023-02-21 11:28:01 [http-nio-8080-exec-2] DEBUG c.e.s.b.l.d.SpringBootLoggingApplication -
                Request test
2023-02-21 11:28:03 [http-nio-8080-exec-3] DEBUG c.e.s.b.l.d.SpringBootLoggingApplication -
                Request test
2023-02-21 11:28:04 [http-nio-8080-exec-4] DEBUG c.e.s.b.l.d.SpringBootLoggingApplication -
                Request test
2023-02-21 11:28:05 [http-nio-8080-exec-5] DEBUG c.e.s.b.l.d.SpringBootLoggingApplication -
                Request test
2023-02-21 11:28:05 [http-nio-8080-exec-6] DEBUG c.e.s.b.l.d.SpringBootLoggingApplication -
                Request test
2023-02-21 11:28:19 [restartedMain] INFO  c.e.s.b.l.d.SpringBootLoggingApplication -
                Starting SpringBootLoggingApplication using Java 19.0.1 with PID 61410 (/home/manokarana/Desktop/SpringBootProject/demo/target/classes started by manokarana in /home/manokarana/Desktop/SpringBootProject/demo)
2023-02-21 11:28:19 [restartedMain] DEBUG c.e.s.b.l.d.SpringBootLoggingApplication -
                Running with Spring Boot v3.0.2, Spring v6.0.4
2023-02-21 11:28:19 [restartedMain] INFO  c.e.s.b.l.d.SpringBootLoggingApplication -
                No active profile set, falling back to 1 default profile: "default"
2023-02-21 11:28:21 [restartedMain] INFO  c.e.s.b.l.d.SpringBootLoggingApplication -
                Started SpringBootLoggingApplication in 2.429 seconds (process running for 3.193)
2023-02-21 11:28:26 [http-nio-8080-exec-1] DEBUG c.e.s.b.l.d.SpringBootLoggingApplication -
                Request test
2023-02-21 11:28:27 [http-nio-8080-exec-2] DEBUG c.e.s.b.l.d.SpringBootLoggingApplication -
                Request test
2023-02-21 11:28:27 [http-nio-8080-exec-3] DEBUG c.e.s.b.l.d.SpringBootLoggingApplication -
                Request test
2023-02-21 11:28:27 [http-nio-8080-exec-4] DEBUG c.e.s.b.l.d.SpringBootLoggingApplication -
                Request test
2023-02-21 11:28:27 [http-nio-8080-exec-5] DEBUG c.e.s.b.l.d.SpringBootLoggingApplication -
                Request test
2023-02-21 11:28:28 [http-nio-8080-exec-6] DEBUG c.e.s.b.l.d.SpringBootLoggingApplication -
                Request test
2023-02-21 11:28:35 [http-nio-8080-exec-7] DEBUG c.e.s.b.l.d.SpringBootLoggingApplication -
                Request arul
2023-02-21 11:28:35 [http-nio-8080-exec-7] DEBUG c.e.s.b.l.d.SpringBootLoggingApplication -
                RequestHi arul Welcome to our page
2023-02-21 11:28:38 [http-nio-8080-exec-8] DEBUG c.e.s.b.l.d.SpringBootLoggingApplication -
                Request arul
2023-02-21 11:28:38 [http-nio-8080-exec-8] DEBUG c.e.s.b.l.d.SpringBootLoggingApplication -
                RequestHi arul Welcome to our page
2023-02-21 11:28:38 [http-nio-8080-exec-9] DEBUG c.e.s.b.l.d.SpringBootLoggingApplication -
                Request arul
2023-02-21 11:28:38 [http-nio-8080-exec-9] DEBUG c.e.s.b.l.d.SpringBootLoggingApplication -
                RequestHi arul Welcome to our page
2023-02-21 11:28:38 [http-nio-8080-exec-10] DEBUG c.e.s.b.l.d.SpringBootLoggingApplication -
                Request arul
2023-02-21 11:28:38 [http-nio-8080-exec-10] DEBUG c.e.s.b.l.d.SpringBootLoggingApplication -
                RequestHi arul Welcome to our page
2023-02-21 11:28:38 [http-nio-8080-exec-1] DEBUG c.e.s.b.l.d.SpringBootLoggingApplication -
                Request arul
2023-02-21 11:28:38 [http-nio-8080-exec-1] DEBUG c.e.s.b.l.d.SpringBootLoggingApplication -
                RequestHi arul Welcome to our page
2023-02-21 11:28:38 [http-nio-8080-exec-2] DEBUG c.e.s.b.l.d.SpringBootLoggingApplication -
                Request arul
2023-02-21 11:28:38 [http-nio-8080-exec-2] DEBUG c.e.s.b.l.d.SpringBootLoggingApplication -
                RequestHi arul Welcome to our page
2023-02-21 11:28:39 [http-nio-8080-exec-3] DEBUG c.e.s.b.l.d.SpringBootLoggingApplication -
                Request arul
2023-02-21 11:28:39 [http-nio-8080-exec-3] DEBUG c.e.s.b.l.d.SpringBootLoggingApplication -
                RequestHi arul Welcome to our page
2023-02-21 11:28:39 [http-nio-8080-exec-4] DEBUG c.e.s.b.l.d.SpringBootLoggingApplication -
                Request arul
2023-02-21 11:28:39 [http-nio-8080-exec-4] DEBUG c.e.s.b.l.d.SpringBootLoggingApplication -
                RequestHi arul Welcome to our page
2023-02-21 11:28:39 [http-nio-8080-exec-5] DEBUG c.e.s.b.l.d.SpringBootLoggingApplication -
                Request arul
2023-02-21 11:28:39 [http-nio-8080-exec-5] DEBUG c.e.s.b.l.d.SpringBootLoggingApplication -
                RequestHi arul Welcome to our page
2023-02-21 11:28:39 [http-nio-8080-exec-6] DEBUG c.e.s.b.l.d.SpringBootLoggingApplication -
                Request arul
2023-02-21 11:28:39 [http-nio-8080-exec-6] DEBUG c.e.s.b.l.d.SpringBootLoggingApplication -
                RequestHi arul Welcome to our page
2023-02-21 11:28:39 [http-nio-8080-exec-7] DEBUG c.e.s.b.l.d.SpringBootLoggingApplication -
                Request arul
2023-02-21 11:28:39 [http-nio-8080-exec-7] DEBUG c.e.s.b.l.d.SpringBootLoggingApplication -
                RequestHi arul Welcome to our page
2023-02-21 11:28:40 [http-nio-8080-exec-8] DEBUG c.e.s.b.l.d.SpringBootLoggingApplication -
                Request arul
2023-02-21 11:28:40 [http-nio-8080-exec-8] DEBUG c.e.s.b.l.d.SpringBootLoggingApplication -
                RequestHi arul Welcome to our page
2023-02-21 11:28:40 [http-nio-8080-exec-9] DEBUG c.e.s.b.l.d.SpringBootLoggingApplication -
                Request arul
2023-02-21 11:28:40 [http-nio-8080-exec-9] DEBUG c.e.s.b.l.d.SpringBootLoggingApplication -
                RequestHi arul Welcome to our page
2023-02-21 11:28:40 [http-nio-8080-exec-10] DEBUG c.e.s.b.l.d.SpringBootLoggingApplication -
                Request arul
2023-02-21 11:28:40 [http-nio-8080-exec-10] DEBUG c.e.s.b.l.d.SpringBootLoggingApplication -
                RequestHi arul Welcome to our page
